<?xml version="1.0" encoding="UTF-8"?>
<testsuite name="mperevalov.winter.configurators.PropertyFieldInjectorTest" tests="2" skipped="0" failures="0" errors="0" timestamp="2021-05-19T21:48:57" hostname="DESKTOP-67REVJ7" time="0.008">
  <properties/>
  <testcase name="shouldInjectPropertyByAnnotationValue()" classname="mperevalov.winter.configurators.PropertyFieldInjectorTest" time="0.006"/>
  <testcase name="shouldInjectPropertyByFieldName()" classname="mperevalov.winter.configurators.PropertyFieldInjectorTest" time="0.001"/>
  <system-out><![CDATA[]]></system-out>
  <system-err><![CDATA[]]></system-err>
</testsuite>
